<?xml version="1.0" encoding="UTF-8"?>
<!-- Generated by org.testng.reporters.JUnitXMLReporter -->
<testsuite hostname="vasu" name="ex2" tests="6" failures="0" timestamp="12 Aug 2016 03:33:20 GMT" time="0.224" errors="0">
  <testcase name="fTEst2" time="0.016" classname="testNGPackage.NewTest2"/>
  <testcase name="f2" time="0.049" classname="testNGPackage.NewTest"/>
  <testcase name="f" time="0.006" classname="testNGPackage.NewTest"/>
  <testcase name="f3" time="0.007" classname="testNGPackage.NewTest3"/>
  <testcase name="fTEst2" time="0.01" classname="testNGPackage.NewTest3"/>
  <testcase name="f4" time="0.008" classname="testNGPackage.NewTest3"/>
</testsuite> <!-- ex2 -->
